<?xml version="1.0" encoding="UTF-8"?>
<robot generator="Robot 7.4.2 (Python 3.14.3 on win32)" generated="2026-04-10T17:55:15.903701" rpa="false" schemaversion="5">
<suite id="s1" name="Web Testing" source="C:\Users\mateu\OneDrive\Área de Trabalho\Curso Udemy\RobotFramework\Web Testing">
<suite id="s1-s1" name="Amazon Testes" source="C:\Users\mateu\OneDrive\Área de Trabalho\Curso Udemy\RobotFramework\Web Testing\amazon_testes.robot">
<test id="s1-s1-t1" name="Caso de teste 02 - Pesquisa de um Produto" line="16">
<kw name="Abrir o navegador" owner="amazon_resources" type="SETUP">
<kw name="Open Browser" owner="SeleniumLibrary">
<msg time="2026-04-10T17:55:16.126421" level="INFO">Opening browser 'chrome' to base url 'None'.</msg>
<arg>browser=chrome</arg>
<doc>Opens a new browser instance to the optional ``url``.</doc>
<status status="PASS" start="2026-04-10T17:55:16.126012" elapsed="0.612019"/>
</kw>
<kw name="Set Window Size" owner="SeleniumLibrary">
<arg>1366</arg>
<arg>768</arg>
<doc>Sets current windows size to given ``width`` and ``height``.</doc>
<status status="PASS" start="2026-04-10T17:55:16.738518" elapsed="0.022979"/>
</kw>
<status status="PASS" start="2026-04-10T17:55:16.125126" elapsed="0.636630"/>
</kw>
<kw name="Acessar a home page do site Amazon.com.br" owner="amazon_resources">
<kw name="Go To" owner="SeleniumLibrary">
<msg time="2026-04-10T17:55:16.763886" level="INFO">Opening url 'https://www.amazon.com.br'</msg>
<arg>url=${URL}</arg>
<doc>Navigates the current browser window to the provided ``url``.</doc>
<status status="PASS" start="2026-04-10T17:55:16.763438" elapsed="0.525701"/>
</kw>
<kw name="Wait Until Element Is Visible" owner="SeleniumLibrary">
<arg>locator=${MENU_VENDAS}</arg>
<doc>Waits until the element ``locator`` is visible.</doc>
<status status="PASS" start="2026-04-10T17:55:17.289674" elapsed="1.816985"/>
</kw>
<status status="PASS" start="2026-04-10T17:55:16.762697" elapsed="2.344352"/>
</kw>
<kw name="Digitar o nome do produto &quot;Playstation 5&quot; na barra de pesquisa" owner="amazon_resources" source_name="Digitar o nome do produto &quot;${NOME_PRODUTO}&quot; na barra de pesquisa">
<kw name="Input Text" owner="SeleniumLibrary">
<msg time="2026-04-10T17:55:19.109420" level="INFO">Typing text 'Playstation 5' into text field 'twotabsearchtextbox'.</msg>
<arg>locator=twotabsearchtextbox</arg>
<arg>text=${NOME_PRODUTO}</arg>
<doc>Types the given ``text`` into the text field identified by ``locator``.</doc>
<status status="PASS" start="2026-04-10T17:55:19.108693" elapsed="0.232902"/>
</kw>
<status status="PASS" start="2026-04-10T17:55:19.107735" elapsed="0.234142"/>
</kw>
<kw name="Clicar no botão de pesquisa" owner="amazon_resources">
<kw name="Click Button" owner="SeleniumLibrary">
<msg time="2026-04-10T17:55:19.343133" level="INFO">Clicking button 'nav-search-submit-button'.</msg>
<arg>locator=nav-search-submit-button</arg>
<doc>Clicks the button identified by ``locator``.</doc>
<status status="PASS" start="2026-04-10T17:55:19.342799" elapsed="1.581937"/>
</kw>
<status status="PASS" start="2026-04-10T17:55:19.342300" elapsed="1.582660"/>
</kw>
<kw name="Verificar o resultado da pesquisa se está listando o produto &quot;PlayStation®5 Slim Edição Digital&quot;" owner="amazon_resources" source_name="Verificar o resultado da pesquisa se está listando o produto &quot;${NOME_PRODUTO}&quot;">
<kw name="Wait Until Page Contains" owner="SeleniumLibrary">
<arg>text=${NOME_PRODUTO}</arg>
<doc>Waits until ``text`` appears on the current page.</doc>
<status status="PASS" start="2026-04-10T17:55:20.926020" elapsed="0.019680"/>
</kw>
<status status="PASS" start="2026-04-10T17:55:20.925380" elapsed="0.020554"/>
</kw>
<doc>Esse teste verifica a busca de um produto</doc>
<tag>busca_produtos</tag>
<tag>lista_busca</tag>
<status status="PASS" start="2026-04-10T17:55:16.121064" elapsed="4.825233"/>
</test>
<doc>Essa suíte testa o site da Amazon.com.br</doc>
<status status="PASS" start="2026-04-10T17:55:15.942314" elapsed="5.008447"/>
</suite>
<status status="PASS" start="2026-04-10T17:55:15.908951" elapsed="5.045129"/>
</suite>
<statistics>
<total>
<stat pass="1" fail="0" skip="0">All Tests</stat>
</total>
<tag>
<stat pass="1" fail="0" skip="0">busca_produtos</stat>
<stat pass="1" fail="0" skip="0">lista_busca</stat>
</tag>
<suite>
<stat name="Web Testing" id="s1" pass="1" fail="0" skip="0">Web Testing</stat>
<stat name="Amazon Testes" id="s1-s1" pass="1" fail="0" skip="0">Web Testing.Amazon Testes</stat>
</suite>
</statistics>
<errors>
</errors>
</robot>
